# JRE version: OpenJDK Runtime Environment (21.0.6) (build 21.0.6+-13368085-b895.109)
# Java VM: OpenJDK 64-Bit Server VM (21.0.6+-13368085-b895.109, mixed mode, tiered, compressed oops, compressed class ptrs, g1 gc, windows-amd64)
GC Precious Log:
 CardTable entry size: 512
 Card Set container configuration: InlinePtr #cards 5 size 8 Array Of Cards #cards 12 size 40 Howl #buckets 4 coarsen threshold 1843 Howl Bitmap #cards 512 size 80 coarsen threshold 460 Card regions per heap region 1 cards per card region 2048
 CPUs: 8 total, 8 available
 Memory: 16221M
 Large Page Support: Disabled
 NUMA Support: Disabled
 Compressed Oops: Enabled (32-bit)
 Heap Region Size: 1M
 Heap Min Capacity: 8M
 Heap Initial Capacity: 254M
 Heap Max Capacity: 2G
 Pre-touch: Disabled
 Parallel Workers: 8
 Concurrent Workers: 2
 Concurrent Refinement Workers: 8
 Periodic GC: Disabled
Heap:
 garbage-first heap   total 330752K, used 302266K [0x0000000080000000, 0x0000000100000000)
  region size 1024K, 153 young (156672K), 18 survivors (18432K)
 Metaspace       used 148134K, committed 149504K, reserved 1179648K
  class space    used 19255K, committed 19904K, reserved 1048576K
GC Heap History (20 events):
Event: 3620.352 GC heap after
{Heap after GC invocations=52 (full 0):
 garbage-first heap   total 286720K, used 185704K [0x0000000080000000, 0x0000000100000000)
  region size 1024K, 11 young (11264K), 11 survivors (11264K)
 Metaspace       used 129870K, committed 132032K, reserved 1179648K
  class space    used 17082K, committed 18432K, reserved 1048576K
}
Event: 3620.656 GC heap before
{Heap before GC invocations=52 (full 0):
 garbage-first heap   total 286720K, used 196968K [0x0000000080000000, 0x0000000100000000)
  region size 1024K, 23 young (23552K), 11 survivors (11264K)
 Metaspace       used 130156K, committed 132224K, reserved 1179648K
  class space    used 17107K, committed 18432K, reserved 1048576K
}
Event: 3620.669 GC heap after
{Heap after GC invocations=53 (full 0):
 garbage-first heap   total 286720K, used 189542K [0x0000000080000000, 0x0000000100000000)
  region size 1024K, 3 young (3072K), 3 survivors (3072K)
 Metaspace       used 130156K, committed 132224K, reserved 1179648K
  class space    used 17107K, committed 18432K, reserved 1048576K
}
Event: 3622.640 GC heap before
{Heap before GC invocations=54 (full 0):
 garbage-first heap   total 326656K, used 280678K [0x0000000080000000, 0x0000000100000000)
  region size 1024K, 70 young (71680K), 3 survivors (3072K)
 Metaspace       used 130658K, committed 132672K, reserved 1179648K
  class space    used 17117K, committed 18432K, reserved 1048576K
}
Event: 3622.647 GC heap after
{Heap after GC invocations=55 (full 0):
 garbage-first heap   total 326656K, used 196291K [0x0000000080000000, 0x0000000100000000)
  region size 1024K, 9 young (9216K), 9 survivors (9216K)
 Metaspace       used 130658K, committed 132672K, reserved 1179648K
  class space    used 17117K, committed 18432K, reserved 1048576K
}
Event: 3623.559 GC heap before
{Heap before GC invocations=55 (full 0):
 garbage-first heap   total 326656K, used 291523K [0x0000000080000000, 0x0000000100000000)
  region size 1024K, 103 young (105472K), 9 survivors (9216K)
 Metaspace       used 134172K, committed 136000K, reserved 1179648K
  class space    used 17419K, committed 18560K, reserved 1048576K
}
Event: 3623.574 GC heap after
{Heap after GC invocations=56 (full 0):
 garbage-first heap   total 326656K, used 202622K [0x0000000080000000, 0x0000000100000000)
  region size 1024K, 8 young (8192K), 8 survivors (8192K)
 Metaspace       used 134172K, committed 136000K, reserved 1179648K
  class space    used 17419K, committed 18560K, reserved 1048576K
}
Event: 3625.206 GC heap before
{Heap before GC invocations=56 (full 0):
 garbage-first heap   total 326656K, used 293758K [0x0000000080000000, 0x0000000100000000)
  region size 1024K, 96 young (98304K), 8 survivors (8192K)
 Metaspace       used 135173K, committed 136960K, reserved 1179648K
  class space    used 17514K, committed 18624K, reserved 1048576K
}
Event: 3625.221 GC heap after
{Heap after GC invocations=57 (full 0):
 garbage-first heap   total 326656K, used 193736K [0x0000000080000000, 0x0000000100000000)
  region size 1024K, 2 young (2048K), 2 survivors (2048K)
 Metaspace       used 135173K, committed 136960K, reserved 1179648K
  class space    used 17514K, committed 18624K, reserved 1048576K
}
Event: 3625.791 GC heap before
{Heap before GC invocations=57 (full 0):
 garbage-first heap   total 326656K, used 293064K [0x0000000080000000, 0x0000000100000000)
  region size 1024K, 99 young (101376K), 2 survivors (2048K)
 Metaspace       used 135174K, committed 136960K, reserved 1179648K
  class space    used 17514K, committed 18624K, reserved 1048576K
}
Event: 3625.796 GC heap after
{Heap after GC invocations=58 (full 0):
 garbage-first heap   total 326656K, used 194649K [0x0000000080000000, 0x0000000100000000)
  region size 1024K, 3 young (3072K), 3 survivors (3072K)
 Metaspace       used 135174K, committed 136960K, reserved 1179648K
  class space    used 17514K, committed 18624K, reserved 1048576K
}
Event: 3628.503 GC heap before
{Heap before GC invocations=59 (full 0):
 garbage-first heap   total 326656K, used 288857K [0x0000000080000000, 0x0000000100000000)
  region size 1024K, 108 young (110592K), 3 survivors (3072K)
 Metaspace       used 141050K, committed 142400K, reserved 1179648K
  class space    used 18359K, committed 19008K, reserved 1048576K
}
Event: 3628.509 GC heap after
{Heap after GC invocations=60 (full 0):
 garbage-first heap   total 326656K, used 180274K [0x0000000080000000, 0x0000000100000000)
  region size 1024K, 5 young (5120K), 5 survivors (5120K)
 Metaspace       used 141050K, committed 142400K, reserved 1179648K
  class space    used 18359K, committed 19008K, reserved 1048576K
}
Event: 3630.422 GC heap before
{Heap before GC invocations=60 (full 0):
 garbage-first heap   total 326656K, used 302130K [0x0000000080000000, 0x0000000100000000)
  region size 1024K, 125 young (128000K), 5 survivors (5120K)
 Metaspace       used 142542K, committed 143808K, reserved 1179648K
  class space    used 18547K, committed 19136K, reserved 1048576K
}
Event: 3630.433 GC heap after
{Heap after GC invocations=61 (full 0):
 garbage-first heap   total 326656K, used 160070K [0x0000000080000000, 0x0000000100000000)
  region size 1024K, 7 young (7168K), 7 survivors (7168K)
 Metaspace       used 142542K, committed 143808K, reserved 1179648K
  class space    used 18547K, committed 19136K, reserved 1048576K
}
Event: 3633.475 GC heap before
{Heap before GC invocations=61 (full 0):
 garbage-first heap   total 326656K, used 299334K [0x0000000080000000, 0x0000000100000000)
  region size 1024K, 144 young (147456K), 7 survivors (7168K)
 Metaspace       used 143133K, committed 144384K, reserved 1179648K
  class space    used 18608K, committed 19200K, reserved 1048576K
}
Event: 3633.489 GC heap after
{Heap after GC invocations=62 (full 0):
 garbage-first heap   total 326656K, used 168068K [0x0000000080000000, 0x0000000100000000)
  region size 1024K, 14 young (14336K), 14 survivors (14336K)
 Metaspace       used 143133K, committed 144384K, reserved 1179648K
  class space    used 18608K, committed 19200K, reserved 1048576K
}
Event: 3636.690 GC heap before
{Heap before GC invocations=63 (full 0):
 garbage-first heap   total 326656K, used 295044K [0x0000000080000000, 0x0000000100000000)
  region size 1024K, 137 young (140288K), 14 survivors (14336K)
 Metaspace       used 143921K, committed 145344K, reserved 1179648K
  class space    used 18695K, committed 19392K, reserved 1048576K
}
Event: 3636.699 GC heap after
{Heap after GC invocations=64 (full 0):
 garbage-first heap   total 326656K, used 164026K [0x0000000080000000, 0x0000000100000000)
  region size 1024K, 6 young (6144K), 6 survivors (6144K)
 Metaspace       used 143921K, committed 145344K, reserved 1179648K
  class space    used 18695K, committed 19392K, reserved 1048576K
}
Event: 3637.731 GC heap before
{Heap before GC invocations=64 (full 0):
 garbage-first heap   total 326656K, used 301242K [0x0000000080000000, 0x0000000100000000)
  region size 1024K, 141 young (144384K), 6 survivors (6144K)
 Metaspace       used 148134K, committed 149504K, reserved 1179648K
  class space    used 19255K, committed 19904K, reserved 1048576K
}

